<?xml version="1.0" encoding="UTF-8"?>
<!-- Generated by org.testng.reporters.JUnitReportReporter -->
<testsuite skipped="0" hostname="Ramnath-PC" name="com.qa.hs.tests.LoginTest" tests="1" failures="0" timestamp="24 Jul 2020 16:53:08 GMT" time="61.032" errors="0">
  <testcase name="loginTest" time="61.032" classname="com.qa.hs.tests.LoginTest"/>
</testsuite> <!-- com.qa.hs.tests.LoginTest -->
